<?xml version="1.0" encoding="UTF-8"?>
<!-- Generated by org.testng.reporters.JUnitXMLReporter -->
<testsuite ignored="1" hostname="LP-5CG1348QJH" failures="2" tests="6" name="Surefire test" time="120.226" errors="0" timestamp="2025-02-24T13:15:55 IST">
  <testcase classname="com.amazonapplication.testCases.HomePageTest" name="displayMenuAndCaptureScreenshot" time="69.654"/>
  <testcase classname="com.amazonapplication.testCases.HomePageTest" name="selectShopByDell" time="6.314"/>
  <testcase classname="com.amazonapplication.testCases.LaptopPageTest" name="displayLaptops" time="3.022">
    <failure type="java.lang.NullPointerException" message="Cannot invoke &amp;quot;org.openqa.selenium.SearchContext.findElement(org.openqa.selenium.By)&amp;quot; because &amp;quot;this.searchContext&amp;quot; is null">
      <![CDATA[java.lang.NullPointerException: Cannot invoke "org.openqa.selenium.SearchContext.findElement(org.openqa.selenium.By)" because "this.searchContext" is null
at org.openqa.selenium.support.pagefactory.DefaultElementLocator.findElement(DefaultElementLocator.java:68)
at org.openqa.selenium.support.pagefactory.internal.LocatingElementHandler.invoke(LocatingElementHandler.java:38)
at jdk.proxy2/jdk.proxy2.$Proxy8.sendKeys(Unknown Source)
at com.amazonapplication.testCases.LaptopPageTest.displayLaptops(LaptopPageTest.java:37)
at java.base/java.util.ArrayList.forEach(ArrayList.java:1597)
... Removed 30 stack frames]]>
    </failure>
  </testcase> <!-- displayLaptops -->
  <testcase classname="com.amazonapplication.testCases.HomePageTest" name="displayMenuAndCaptureScreenshot" time="15.159"/>
  <testcase classname="com.amazonapplication.testCases.HomePageTest" name="selectShopByDell" time="5.719"/>
  <testcase classname="com.amazonapplication.testCases.ReadCustomerReviewTest" name="WritetoFile" time="2.018">
    <failure type="java.lang.NullPointerException" message="Cannot invoke &amp;quot;org.openqa.selenium.SearchContext.findElements(org.openqa.selenium.By)&amp;quot; because &amp;quot;this.searchContext&amp;quot; is null">
      <![CDATA[java.lang.NullPointerException: Cannot invoke "org.openqa.selenium.SearchContext.findElements(org.openqa.selenium.By)" because "this.searchContext" is null
at org.openqa.selenium.support.pagefactory.DefaultElementLocator.findElements(DefaultElementLocator.java:83)
at org.openqa.selenium.support.pagefactory.internal.LocatingElementListHandler.invoke(LocatingElementListHandler.java:36)
at jdk.proxy2/jdk.proxy2.$Proxy9.iterator(Unknown Source)
at com.amazonapplication.testCases.ReadCustomerReviewTest.WritetoFile(ReadCustomerReviewTest.java:45)
at java.base/java.util.ArrayList.forEach(ArrayList.java:1597)
... Removed 30 stack frames]]>
    </failure>
  </testcase> <!-- WritetoFile -->
  <testcase classname="com.amazonapplication.testCases.HomePageTest" name="@BeforeTest beforeTest" time="0.0">
    <ignored/>
  </testcase> <!-- @BeforeTest beforeTest -->
</testsuite> <!-- Surefire test -->
