<?xml version="1.0" encoding="UTF-8"?>
<!-- Generated by org.testng.reporters.JUnitXMLReporter -->
<testsuite ignored="0" hostname="LP-5CG1348QJH" failures="0" tests="2" name="Test2" time="41.097" errors="0" timestamp="2025-03-11T17:02:10 IST">
  <testcase classname="com.amazonapplication.testCases.HomePageTest" name="displayMenuAndCaptureScreenshot" time="31.713"/>
  <testcase classname="com.amazonapplication.testCases.HomePageTest" name="selectShopByDell" time="9.379"/>
</testsuite> <!-- Test2 -->
