<?xml version="1.0" encoding="UTF-8"?>
<testng-results ignored="0" total="1" passed="1" failed="0" skipped="0">
  <reporter-output>
  </reporter-output>
  <suite started-at="2025-03-10T12:50:08 IST" name="Default suite" finished-at="2025-03-10T12:50:14 IST" duration-ms="6300">
    <groups>
    </groups>
    <test started-at="2025-03-10T12:50:08 IST" name="Default test" finished-at="2025-03-10T12:50:14 IST" duration-ms="6300">
      <class name="day12_handson.RestAPI_PostPut">
        <test-method signature="f()[pri:0, instance:day12_handson.RestAPI_PostPut@6771beb3]" started-at="2025-03-10T12:50:08 IST" name="f" finished-at="2025-03-10T12:50:14 IST" duration-ms="6255" status="PASS">
          <reporter-output>
          </reporter-output>
        </test-method> <!-- f -->
      </class> <!-- day12_handson.RestAPI_PostPut -->
    </test> <!-- Default test -->
  </suite> <!-- Default suite -->
</testng-results>
