<?xml version="1.0" encoding="UTF-8"?>
<!-- Generated by org.testng.reporters.JUnitXMLReporter -->
<testsuite ignored="0" hostname="LP-5CG1348QJH" failures="0" tests="6" name="Test1" time="0.069" errors="0" timestamp="2025-02-07T15:58:55 IST">
  <testcase classname="Day2_Day3_Handson.TestAClass" name="test1" time="0.015"/>
  <testcase classname="Day2_Day3_Handson.TestBClass" name="test4" time="0.015"/>
  <testcase classname="Day2_Day3_Handson.TestCClass" name="test6" time="0.015"/>
  <testcase classname="Day2_Day3_Handson.TestAClass" name="test2" time="0.002"/>
  <testcase classname="Day2_Day3_Handson.TestBClass" name="test5" time="0.003"/>
  <testcase classname="Day2_Day3_Handson.TestAClass" name="test3" time="0.002"/>
</testsuite> <!-- Test1 -->
