<?xml version="1.0" encoding="UTF-8"?>
<!-- Generated by org.testng.reporters.JUnitXMLReporter -->
<testsuite ignored="1" hostname="LP-5CG1348QJH" failures="0" tests="2" name="Test" time="0.061" errors="0" timestamp="2025-02-07T15:59:26 IST">
  <testcase classname="Day2_Day3_Handson.Grouping" name="testA" time="0.014"/>
  <testcase classname="Day2_Day3_Handson.Grouping" name="testC" time="0.002"/>
  <testcase classname="Day2_Day3_Handson.Grouping" name="testB" time="0.0">
    <ignored/>
  </testcase> <!-- testB -->
</testsuite> <!-- Test -->
