<?xml version="1.0" encoding="UTF-8"?>
<!-- Generated by org.testng.reporters.JUnitXMLReporter -->
<testsuite ignored="0" hostname="LP-5CG1348QJH" failures="0" tests="3" name="TestA" time="0.066" errors="0" timestamp="2025-02-07T15:56:19 IST">
  <testcase classname="Day2_Day3_Handson.TestAClass" name="test1" time="0.016"/>
  <testcase classname="Day2_Day3_Handson.TestAClass" name="test2" time="0.001"/>
  <testcase classname="Day2_Day3_Handson.TestAClass" name="test3" time="0.002"/>
</testsuite> <!-- TestA -->
